*WEATHER MODULE DAILY OUTPUT FILE

*RUN   1        : RAINFED LOW NITROGEN    
 MODEL          : SGCER    - Grain sorghum   
 EXPERIMENT     : GATI0301 SG    NIT X IRR, GA_TIFTON 2N*3I                     
 TREATMENT  1   : RAINFED LOW NITROGEN    

@YEAR DOY   DAS   PRED   DYLD   TWLD   SRAD   PARD   CLDD   TMXD   TMND   TAVD   TDYD   TDWD   TGAD   TGRD   WDSD   CO2D
 2003 056     0    0.0   11.2   12.1   15.8   31.6   0.23   22.2    9.0   15.2   17.7    9.0   15.2   17.7   28.2    330
 2003 057     1    9.9   11.2   12.1   10.0   20.0   0.51   21.0   10.2   15.3   17.3   10.2   15.3   17.3   28.2    330
 2003 058     2   29.5   11.2   12.2    3.6    7.2   0.83   14.0    7.6   10.6   11.8    7.6   10.6   11.8   28.2    330
 2003 059     3    0.0   11.3   12.2   14.1   28.2   0.33   15.3    6.0   10.4   12.1    6.0   10.4   12.1   28.2    330
 2003 060     4   39.9   11.3   12.2    1.5    3.0   0.93   11.9    9.3   10.5   11.0    9.3   10.5   11.0   28.2    330
 2003 061     5    1.8   11.3   12.3    7.2   14.4   0.66   15.1    9.4   12.1   13.2    9.4   12.1   13.2   28.2    330
 2003 062     6    9.1   11.4   12.3    7.6   15.2   0.65   11.8    6.4    8.9   10.0    6.4    8.9   10.0   28.2    330
 2003 063     7    5.1   11.4   12.3    3.1    6.2   0.86   12.9    8.8   10.7   11.5    8.8   10.7   11.5   28.2    330
 2003 064     8    1.3   11.4   12.4    8.9   17.8   0.59   24.0   12.9   18.1   20.3   12.9   18.1   20.3   28.2    330
 2003 065     9   10.9   11.5   12.4    3.6    7.2   0.84   23.5   14.7   18.8   20.6   14.7   18.8   20.6   28.2    330
 2003 066    10   11.9   11.5   12.4    9.8   19.6   0.56   19.1   12.6   15.7   16.9   12.6   15.7   16.9   28.2    330
 2003 067    11    6.3   11.5   12.4   13.2   26.4   0.41   18.9    9.6   14.0   15.8    9.6   14.0   15.8   28.2    330
 2003 068    12    8.9   11.6   12.5    7.0   14.0   0.69   20.5   14.0   17.1   18.3   14.0   17.1   18.3   28.2    330
 2003 069    13    0.0   11.6   12.5   21.6   43.2   0.04   25.3    9.4   16.9   20.0    9.4   16.9   20.0   28.2    330
 2003 070    14    0.0   11.6   12.5   16.9   33.8   0.26   22.6    8.3   15.1   17.9    8.3   15.1   17.9   28.2    330
 2003 071    15    0.0   11.7   12.6   17.5   35.0   0.24   25.9   10.4   17.7   20.8   10.4   17.7   20.8   28.2    330
 2003 072    16    5.3   11.7   12.6   16.1   32.2   0.30   27.1   16.0   21.3   23.5   16.0   21.3   23.5   28.2    330
 2003 073    17    0.3   11.7   12.6    9.0   18.0   0.61   22.5   13.2   17.6   19.5   13.2   17.6   19.5   28.2    330
 2003 074    18    4.6   11.8   12.7    7.0   14.0   0.70   14.6   11.1   12.8   13.5   11.1   12.8   13.5   28.2    330
 2003 075    19    0.0   11.8   12.7   17.5   35.0   0.26   21.9   11.6   16.5   18.6   11.6   16.5   18.6   28.2    330
 2003 076    20   31.0   11.8   12.7    7.8   15.6   0.67   20.7   14.3   17.3   18.6   14.3   17.3   18.6   28.2    330
 2003 077    21    0.8   11.9   12.8   12.5   25.0   0.48   25.0   16.0   20.3   22.1   16.0   20.3   22.1   28.2    330
 2003 078    22    3.3   11.9   12.8   10.3   20.6   0.57   26.3   16.4   21.1   23.1   16.4   21.1   23.1   28.2    330
 2003 079    23   49.3   11.9   12.8   10.5   21.0   0.57   26.6   18.9   22.6   24.1   18.9   22.6   24.1   28.2    330
 2003 080    24    5.6   12.0   12.9   21.2   42.4   0.13   25.3   15.1   20.0   22.0   15.1   20.0   22.0   28.2    330
 2003 081    25    0.0   12.0   12.9   23.5   47.0   0.05   24.5   11.1   17.5   20.2   11.1   17.5   20.2   28.2    330
 2003 082    26    0.0   12.0   12.9   19.3   38.6   0.22   22.3   11.6   16.7   18.5   11.6   16.7   18.5   28.2    330
 2003 083    27    0.0   12.1   13.0   24.2   48.4   0.03   23.9    9.3   16.3   18.7    9.3   16.3   18.7   28.2    330
 2003 084    28    0.0   12.1   13.0   23.3   46.6   0.07   24.8   11.3   17.8   20.0   11.3   17.8   20.0   28.2    330
 2003 085    29    0.0   12.1   13.0   20.9   41.8   0.17   25.0   13.4   19.0   20.9   13.4   19.0   20.9   28.2    330
 2003 086    30    0.3   12.2   13.1   14.5   29.0   0.43   22.8   16.6   19.6   20.6   16.6   19.6   20.6   28.2    330
 2003 087    31    0.0   12.2   13.1    9.3   18.6   0.64   23.3   15.0   19.0   20.4   15.0   19.0   20.4   28.2    330
 2003 088    32    1.8   12.2   13.1   20.7   41.4   0.20   25.8   12.5   18.9   21.1   12.5   18.9   21.1   28.2    330
 2003 089    33   11.4   12.3   13.2   16.4   32.8   0.37   14.5    5.4    9.8   11.3    5.4    9.8   11.3   28.2    330
 2003 090    34    0.0   12.3   13.2   26.3   52.6   0.00   13.7    0.5    6.9    9.1    0.5    6.9    9.1   28.2    330
 2003 091    35    0.0   12.3   13.2   25.4   50.8   0.03   20.5    4.1   12.0   14.8    4.1   12.0   14.8   28.2    330
 2003 092    36    0.0   12.4   13.3   21.7   43.4   0.18   22.6   13.1   17.7   19.3   13.1   17.7   19.3   28.2    330
 2003 093    37    0.0   12.4   13.3   24.1   48.2   0.09   24.5    9.4   16.7   19.2    9.4   16.7   19.2   28.2    330
 2003 094    38    0.0   12.4   13.3   22.5   45.0   0.16   26.0   11.0   18.3   20.8   11.0   18.3   20.8   28.2    330
 2003 095    39    1.3   12.5   13.4   12.7   25.4   0.53   26.2   15.5   20.7   22.5   15.5   20.7   22.5   28.2    330
 2003 096    40    0.0   12.5   13.4   16.6   33.2   0.39   26.9   18.7   22.7   24.1   18.7   22.7   24.1   28.2    330
 2003 097    41    8.6   12.5   13.4    8.1   16.2   0.70   27.1   17.6   22.2   23.8   17.6   22.2   23.8   28.2    330
 2003 098    42   24.4   12.5   13.5    3.6    7.2   0.87   18.8   15.7   17.2   17.7   15.7   17.2   17.7   28.2    330
 2003 099    43   15.0   12.6   13.5    7.8   15.6   0.72   18.8   10.8   14.7   16.1   10.8   14.7   16.1   28.2    330
 2003 100    44    1.5   12.6   13.5    5.6   11.2   0.80   10.9    6.2    8.5    9.3    6.2    8.5    9.3   28.2    330
 2003 101    45    0.0   12.6   13.6   18.6   37.2   0.33   19.3    7.0   13.0   15.1    7.0   13.0   15.1   28.2    330
 2003 102    46    0.0   12.7   13.6   27.5   55.0   0.02   24.2    7.8   15.8   18.6    7.8   15.8   18.6   28.2    330
 2003 103    47    0.0   12.7   13.6   26.3   52.6   0.06   26.8   10.5   18.5   21.3   10.5   18.5   21.3   28.2    330
 2003 104    48    0.0   12.7   13.7   26.7   53.4   0.05   29.7   12.6   21.0   23.9   12.6   21.0   23.9   28.2    330
 2003 105    49    0.0   12.8   13.7   25.2   50.4   0.11   26.5   15.3   20.8   22.7   15.3   20.8   22.7   28.2    330
 2003 106    50    0.0   12.8   13.7   23.2   46.4   0.19   25.9   13.9   19.8   21.9   13.9   19.8   21.9   28.2    330
 2003 107    51    0.0   12.8   13.8   22.2   44.4   0.22   26.7   15.4   20.9   22.9   15.4   20.9   22.9   28.2    330
 2003 108    52    0.0   12.9   13.8   21.7   43.4   0.25   28.5   17.7   23.0   24.9   17.7   23.0   24.9   28.2    330
 2003 109    53    0.0   12.9   13.8   18.3   36.6   0.37   25.5   16.9   21.1   22.6   16.9   21.1   22.6   28.2    330
 2003 110    54    0.0   12.9   13.9   23.2   46.4   0.20   27.3   17.4   22.3   24.0   17.4   22.3   24.0   28.2    330
 2003 111    55    0.0   13.0   13.9   11.9   23.8   0.59   25.2   17.0   21.0   22.5   17.0   21.0   22.5   28.2    330
 2003 112    56    0.0   13.0   13.9   28.2   56.4   0.04   23.4   13.8   18.5   20.2   13.8   18.5   20.2   28.2    330
 2003 113    57    0.0   13.0   14.0   28.3   56.6   0.04   23.0   10.8   16.8   19.0   10.8   16.8   19.0   28.2    330
 2003 114    58    0.0   13.0   14.0   21.1   42.2   0.28   23.5   11.4   17.4   19.5   11.4   17.4   19.5   28.2    330
 2003 115    59   27.9   13.1   14.0    6.2   12.4   0.79   19.5   16.8   18.1   18.6   16.8   18.1   18.6   28.2    330
 2003 116    60    2.0   13.1   14.1   26.3   52.6   0.12   24.8   15.5   20.1   21.7   15.5   20.1   21.7   28.2    330
 2003 117    61    0.0   13.1   14.1   25.4   50.8   0.15   26.4   12.8   19.5   21.9   12.8   19.5   21.9   28.2    330
 2003 118    62    0.0   13.2   14.1   28.1   56.2   0.06   27.5   15.4   21.4   23.5   15.4   21.4   23.5   28.2    330
 2003 119    63    0.0   13.2   14.1   24.6   49.2   0.18   28.8   15.6   22.1   24.5   15.6   22.1   24.5   28.2    330
 2003 120    64    7.4   13.2   14.2   26.3   52.6   0.13   28.7   17.1   22.9   24.9   17.1   22.9   24.9   28.2    330
 2003 121    65    0.3   13.2   14.2   24.9   49.8   0.18   30.5   19.5   25.0   26.9   19.5   25.0   26.9   28.2    330
 2003 122    66    6.6   13.3   14.2   27.4   54.8   0.10   30.4   16.0   23.2   25.7   16.0   23.2   25.7   28.2    330
 2003 123    67    0.5   13.3   14.3   13.8   27.6   0.55   25.8   15.6   20.7   22.5   15.6   20.7   22.5   28.2    330
 2003 124    68    0.0   13.3   14.3   26.1   52.2   0.15   29.9   16.3   23.1   25.5   16.3   23.1   25.5   28.2    330
 2003 125    69    0.0   13.4   14.3   23.7   47.4   0.23   29.5   20.4   24.9   26.6   20.4   24.9   26.6   28.2    330
 2003 126    70    0.0   13.4   14.4   22.5   45.0   0.27   31.1   22.3   26.7   28.3   22.3   26.7   28.3   28.2    330
 2003 127    71    0.0   13.4   14.4   21.9   43.8   0.29   30.8   22.2   26.5   28.0   22.2   26.5   28.0   28.2    330
 2003 128    72    0.0   13.4   14.4   23.5   47.0   0.24   30.6   20.9   25.7   27.5   20.9   25.7   27.5   28.2    330
 2003 129    73    0.0   13.5   14.4   27.1   54.2   0.13   31.4   20.7   26.0   28.0   20.7   26.0   28.0   28.2    330
 2003 130    74    0.0   13.5   14.5   26.8   53.6   0.14   31.6   21.1   26.4   28.2   21.1   26.4   28.2   28.2    330
 2003 131    75    0.3   13.5   14.5   25.7   51.4   0.18   32.8   21.1   27.0   29.1   21.1   27.0   29.1   28.2    330
 2003 132    76    0.3   13.5   14.5   28.0   56.0   0.11   27.1   17.2   22.2   24.0   17.2   22.2   24.0   28.2    330
 2003 133    77    0.0   13.6   14.6   28.0   56.0   0.11   27.2   12.9   20.1   22.7   12.9   20.1   22.7   28.2    330
 2003 134    78    0.0   13.6   14.6   18.5   37.0   0.41   28.7   14.6   21.7   24.2   14.6   21.7   24.2   28.2    330
 2003 135    79    1.5   13.6   14.6   17.9   35.8   0.43   28.5   19.6   24.1   25.7   19.6   24.1   25.7   28.2    330
 2003 136    80    0.0   13.6   14.6   19.2   38.4   0.39   31.8   20.8   26.3   28.3   20.8   26.3   28.3   28.2    330
 2003 137    81    0.0   13.6   14.7   26.4   52.8   0.17   31.3   21.2   26.3   28.1   21.2   26.3   28.1   28.2    330
 2003 138    82    7.4   13.7   14.7   21.9   43.8   0.31   31.1   20.0   25.6   27.6   20.0   25.6   27.6   28.2    330
 2003 139    83    0.3   13.7   14.7   16.0   32.0   0.50   28.0   19.5   23.8   25.3   19.5   23.8   25.3   28.2    330
 2003 140    84    0.0   13.7   14.7   15.8   31.6   0.50   25.0   17.0   21.0   22.5   17.0   21.0   22.5   28.2    330
 2003 141    85    0.0   13.7   14.7   20.4   40.8   0.36   27.6   18.3   23.0   24.7   18.3   23.0   24.7   28.2    330
 2003 142    86   14.7   13.7   14.8    3.9    7.8   0.88   22.0   18.2   20.1   20.8   18.2   20.1   20.8   28.2    330
 2003 143    87    0.0   13.8   14.8   14.2   28.4   0.56   24.7   18.0   21.4   22.6   18.0   21.4   22.6   28.2    330
 2003 144    88    0.0   13.8   14.8   26.7   53.4   0.17   29.1   15.8   22.5   24.9   15.8   22.5   24.9   28.2    330
 2003 145    89    0.0   13.8   14.8   25.3   50.6   0.21   30.3   17.8   24.1   26.4   17.8   24.1   26.4   28.2    330
 2003 146    90    0.0   13.8   14.9   21.7   43.4   0.33   29.5   20.0   24.8   26.5   20.0   24.8   26.5   28.2    330
 2003 147    91    0.0   13.8   14.9   18.7   37.4   0.42   26.9   17.4   22.2   23.9   17.4   22.2   23.9   28.2    330
 2003 148    92    0.0   13.9   14.9   29.7   59.4   0.08   27.4   14.1   20.8   23.3   14.1   20.8   23.3   28.2    330
 2003 149    93    0.0   13.9   14.9   27.0   54.0   0.17   29.3   15.3   22.4   25.0   15.3   22.4   25.0   28.2    330
 2003 150    94    0.0   13.9   14.9   28.3   56.6   0.13   28.8   13.9   21.4   24.2   13.9   21.4   24.2   28.2    330
 2003 151    95    0.0   13.9   14.9   27.2   54.4   0.16   32.1   18.3   25.3   27.8   18.3   25.3   27.8   28.2    330
 2003 152    96    0.0   13.9   15.0   27.3   54.6   0.16   29.6   17.5   23.6   25.9   17.5   23.6   25.9   28.2    330
 2003 153    97    0.0   13.9   15.0   28.0   56.0   0.14   31.4   16.2   23.9   26.7   16.2   23.9   26.7   28.2    330
 2003 154    98   18.8   13.9   15.0    7.3   14.6   0.78   25.6   19.8   22.7   23.8   19.8   22.7   23.8   28.2    330
 2003 155    99    0.0   13.9   15.0   20.9   41.8   0.36   30.8   20.5   25.7   27.6   20.5   25.7   27.6   28.2    330
 2003 156   100    0.0   14.0   15.0   26.8   53.6   0.18   30.7   20.5   25.7   27.6   20.5   25.7   27.6   28.2    330
 2003 157   101   24.9   14.0   15.0   10.5   21.0   0.68   29.1   21.4   25.3   26.7   21.4   25.3   26.7   28.2    330
 2003 158   102   30.2   14.0   15.0   13.5   27.0   0.59   28.9   21.6   25.3   26.7   21.6   25.3   26.7   28.2    330
 2003 159   103    0.0   14.0   15.1   20.0   40.0   0.39   30.9   22.5   26.8   28.3   22.5   26.8   28.3   28.2    330
 2003 160   104    0.0   14.0   15.1   27.0   54.0   0.18   32.2   22.7   27.5   29.3   22.7   27.5   29.3   28.2    330
 2003 161   105    0.0   14.0   15.1   24.9   49.8   0.24   33.3   21.5   27.5   29.2   21.5   27.5   29.2   28.2    330
 2003 162   106    0.0   14.0   15.1   25.0   50.0   0.24   32.6   22.5   27.6   29.1   22.5   27.6   29.1   28.2    330
 2003 163   107    2.8   14.0   15.1   23.8   47.6   0.28   33.5   21.6   27.6   29.4   21.6   27.6   29.4   28.2    330
 2003 164   108    6.9   14.0   15.1   19.0   38.0   0.42   32.1   21.3   26.8   28.4   21.3   26.8   28.4   28.2    330
 2003 165   109    2.8   14.0   15.1   19.7   39.4   0.40   31.0   21.6   26.4   27.7   21.6   26.4   27.7   28.2    330
 2003 166   110    0.0   14.0   15.1   27.5   55.0   0.16   33.5   20.9   27.3   29.1   20.9   27.3   29.1   28.2    330
 2003 167   111   28.7   14.0   15.1   22.2   44.4   0.33   34.1   20.8   27.6   29.5   20.8   27.6   29.5   28.2    330
 2003 168   112   16.5   14.0   15.1   21.4   42.8   0.35   31.2   20.8   26.1   27.6   20.8   26.1   27.6   28.2    330
 2003 169   113    7.6   14.0   15.1   11.2   22.4   0.66   27.5   22.2   24.9   25.7   22.2   24.9   25.7   28.2    330
 2003 170   114    2.5   14.1   15.1   18.8   37.6   0.43   31.3   22.0   26.7   28.1   22.0   26.7   28.1   28.2    330
 2003 171   115    0.5   14.1   15.1   13.4   26.8   0.59   29.1   21.7   25.5   26.5   21.7   25.5   26.5   28.2    330
 2003 172   116    0.0   14.1   15.1   29.4   58.8   0.11   30.5   20.3   25.5   27.0   20.3   25.5   27.0   28.2    330
 2003 173   117    0.0   14.1   15.1   29.7   59.4   0.10   31.4   17.7   24.7   26.7   17.7   24.7   26.7   28.2    330
 2003 174   118    0.0   14.1   15.1   27.9   55.8   0.15   32.3   20.4   26.5   28.2   20.4   26.5   28.2   28.2    330
 2003 175   119    0.0   14.1   15.1   26.7   53.4   0.19   31.8   20.2   26.1   27.8   20.2   26.1   27.8   28.2    330
 2003 176   120    0.0   14.0   15.1   27.7   55.4   0.16   31.3   19.9   25.7   27.4   19.9   25.7   27.4   28.2    330
 2003 177   121    0.0   14.0   15.1   28.1   56.2   0.15   32.5   21.0   26.8   28.5   21.0   26.8   28.5   28.2    330
 2003 178   122    0.0   14.0   15.1   28.4   56.8   0.14   32.3   20.8   26.6   28.3   20.8   26.6   28.3   28.2    330
 2003 179   123    0.0   14.0   15.1   16.3   32.6   0.50   29.9   21.1   25.6   26.9   21.1   25.6   26.9   28.2    330
 2003 180   124    3.0   14.0   15.1   14.1   28.2   0.57   28.8   20.7   24.8   26.0   20.7   24.8   26.0   28.2    330
 2003 181   125   20.1   14.0   15.1   17.7   35.4   0.46   30.9   21.0   26.0   27.5   21.0   26.0   27.5   28.2    330
 2003 182   126   26.9   14.0   15.1    8.2   16.4   0.75   27.4   21.4   24.4   25.3   21.4   24.4   25.3   28.2    330
 2003 183   127    2.5   14.0   15.1   16.0   32.0   0.51   28.1   22.5   25.3   26.2   22.5   25.3   26.2   28.2    330
 2003 184   128   33.5   14.0   15.1   22.7   45.4   0.31   29.7   21.8   25.8   27.0   21.8   25.8   27.0   28.2    330
 2003 185   129    1.3   14.0   15.1   18.9   37.8   0.42   29.8   22.3   26.1   27.5   22.3   26.1   27.5   28.2    330
 2003 186   130    0.5   14.0   15.1   27.1   54.2   0.17   31.7   22.6   27.2   28.9   22.6   27.2   28.9   28.2    330
 2003 187   131    1.0   14.0   15.1   18.0   36.0   0.45   31.7   21.6   26.7   28.6   21.6   26.7   28.6   28.2    330
 2003 188   132    0.0   14.0   15.1   17.8   35.6   0.46   31.9   23.0   27.5   29.2   23.0   27.5   29.2   28.2    330
 2003 189   133    0.0   14.0   15.0   28.6   57.2   0.12   33.1   22.3   27.8   29.8   22.3   27.8   29.8   28.2    330
 2003 190   134    0.0   13.9   15.0   25.7   51.4   0.21   33.1   23.1   28.2   30.0   23.1   28.2   30.0   28.2    330
 2003 191   135    0.0   13.9   15.0   26.4   52.8   0.19   32.6   23.6   28.2   29.8   23.6   28.2   29.8   28.2    330
 2003 192   136    0.0   13.9   15.0   22.7   45.4   0.30   32.3   23.2   27.8   29.5   23.2   27.8   29.5   28.2    330
 2003 193   137    0.0   13.9   15.0   24.5   49.0   0.25   32.2   22.6   27.5   29.2   22.6   27.5   29.2   28.2    330
 2003 194   138    0.0   13.9   15.0   17.9   35.8   0.45   29.1   21.8   25.5   26.8   21.8   25.5   26.8   28.2    330
 2003 195   139    0.0   13.9   15.0   15.6   31.2   0.52   28.5   20.9   24.7   26.1   20.9   24.7   26.1   28.2    330
 2003 196   140    0.0   13.9   14.9   24.2   48.4   0.25   31.3   21.3   26.4   28.2   21.3   26.4   28.2   28.2    330
 2003 197   141    0.0   13.9   14.9   25.5   51.0   0.21   34.2   22.1   28.2   30.4   22.1   28.2   30.4   28.2    330
 2003 198   142   23.9   13.8   14.9   15.8   31.6   0.51   31.9   22.0   27.0   28.8   22.0   27.0   28.8   28.2    330
 2003 199   143    0.0   13.8   14.9   25.3   50.6   0.22   32.2   21.8   27.1   29.0   21.8   27.1   29.0   28.2    330
 2003 200   144    2.0   13.8   14.9   19.9   39.8   0.38   31.2   22.1   26.7   28.4   22.1   26.7   28.4   28.2    330
 2003 201   145    0.0   13.8   14.9   26.7   53.4   0.17   32.3   21.1   26.8   28.8   21.1   26.8   28.8   28.2    330
 2003 202   146    0.0   13.8   14.8   22.3   44.6   0.30   31.8   22.5   27.2   28.9   22.5   27.2   28.9   28.2    330
